FashionStoreApp/app/build/intermediates/manifest_merge_blame_file/debug/processDebugMainManifest/manifest-merger-blame-debug-report.txt
1<?xml version="1.0" encoding="utf-8"?>
2<manifest xmlns:android="http://schemas.android.com/apk/res/android"
3    package="com.example.fashionstoreapp"
4    android:versionCode="1"
5    android:versionName="1.0" >
6
7    <uses-sdk
8        android:minSdkVersion="21"
9        android:targetSdkVersion="33" />
10
11    <uses-permission android:name="android.permission.INTERNET" />
11-->src\main\AndroidManifest.xml:4:5-67
11-->src\main\AndroidManifest.xml:4:22-64
12    <uses-permission android:name="android.permission.ACCESS_NETWORK_STATE" />
12-->src\main\AndroidManifest.xml:5:5-79
12-->src\main\AndroidManifest.xml:5:22-76
13    <uses-permission android:name="android.permission.ACCESS_WIFI_STATE" />
13-->src\main\AndroidManifest.xml:6:5-76
13-->src\main\AndroidManifest.xml:6:22-73
14    <uses-permission android:name="android.permission.READ_MEDIA_IMAGES" />
14-->src\main\AndroidManifest.xml:7:5-76
14-->src\main\AndroidManifest.xml:7:22-73
15    <uses-permission android:name="android.permission.READ_MEDIA_AUDIO" />
15-->src\main\AndroidManifest.xml:8:5-75
15-->src\main\AndroidManifest.xml:8:22-72
16    <uses-permission android:name="android.permission.READ_MEDIA_VIDEO" />
16-->src\main\AndroidManifest.xml:9:5-75
16-->src\main\AndroidManifest.xml:9:22-72
17    <uses-permission android:name="android.permission.READ_EXTERNAL_STORAGE" />
17-->src\main\AndroidManifest.xml:10:5-80
17-->src\main\AndroidManifest.xml:10:22-77
18    <uses-permission android:name="android.permission.WRITE_EXTERNAL_STORAGE" />
18-->src\main\AndroidManifest.xml:11:5-13:40
18-->src\main\AndroidManifest.xml:12:9-65
19
20    <queries>
20-->[zpdk-release-v3.1.aar] AndroidManifest.xml:9:5-13:15
21        <package android:name="vn.com.vng.zalopay.sb1" />
21-->[zpdk-release-v3.1.aar] AndroidManifest.xml:10:9-58
21-->[zpdk-release-v3.1.aar] AndroidManifest.xml:10:18-55
22        <package android:name="vn.com.vng.zalopay" />
22-->[zpdk-release-v3.1.aar] AndroidManifest.xml:11:9-54
22-->[zpdk-release-v3.1.aar] AndroidManifest.xml:11:18-51
23        <package android:name="com.zing.zalo" />
23-->[zpdk-release-v3.1.aar] AndroidManifest.xml:12:9-49
23-->[zpdk-release-v3.1.aar] AndroidManifest.xml:12:18-46
24    </queries>
25
26    <permission
26-->[androidx.core:core:1.9.0] AndroidManifest.xml:22:5-24:47
27        android:name="com.example.fashionstoreapp.DYNAMIC_RECEIVER_NOT_EXPORTED_PERMISSION"
27-->[androidx.core:core:1.9.0] AndroidManifest.xml:23:9-81
28        android:protectionLevel="signature" />
28-->[androidx.core:core:1.9.0] AndroidManifest.xml:24:9-44
29
30    <uses-permission android:name="com.example.fashionstoreapp.DYNAMIC_RECEIVER_NOT_EXPORTED_PERMISSION" />
30-->[androidx.core:core:1.9.0] AndroidManifest.xml:26:5-97
30-->[androidx.core:core:1.9.0] AndroidManifest.xml:26:22-94
31
32    <application
32-->src\main\AndroidManifest.xml:14:5-64:19
33        android:allowBackup="true"
33-->src\main\AndroidManifest.xml:15:9-35
34        android:appComponentFactory="androidx.core.app.CoreComponentFactory"
34-->[androidx.core:core:1.9.0] AndroidManifest.xml:28:18-86
35        android:dataExtractionRules="@xml/data_extraction_rules"
35-->src\main\AndroidManifest.xml:16:9-65
36        android:debuggable="true"
37        android:extractNativeLibs="true"
38        android:fontFamily="@font/be_vietnam"
38-->src\main\AndroidManifest.xml:22:9-46
39        android:fullBackupContent="@xml/backup_rules"
39-->src\main\AndroidManifest.xml:17:9-54
40        android:icon="@drawable/icon_app"
40-->src\main\AndroidManifest.xml:18:9-42
41        android:label="@string/app_name"
41-->src\main\AndroidManifest.xml:19:9-41
42        android:supportsRtl="true"
42-->src\main\AndroidManifest.xml:20:9-35
43        android:testOnly="true"
44        android:theme="@style/Theme.FashionStoreApp"
44-->src\main\AndroidManifest.xml:21:9-53
45        android:usesCleartextTraffic="true" >
45-->src\main\AndroidManifest.xml:24:9-44
46        <activity
46-->src\main\AndroidManifest.xml:25:9-93
47            android:name="com.example.fashionstoreapp.Activity.LoginActivity"
47-->src\main\AndroidManifest.xml:25:19-57
48            android:exported="true" />
48-->src\main\AndroidManifest.xml:25:58-81
49        <activity
49-->src\main\AndroidManifest.xml:26:9-92
50            android:name="com.example.fashionstoreapp.Activity.MainActivity"
50-->src\main\AndroidManifest.xml:26:19-56
51            android:exported="true" />
51-->src\main\AndroidManifest.xml:26:57-80
52        <activity
52-->src\main\AndroidManifest.xml:27:9-94
53            android:name="com.example.fashionstoreapp.Activity.SignUpActivity"
53-->src\main\AndroidManifest.xml:27:19-58
54            android:exported="true" />
54-->src\main\AndroidManifest.xml:27:59-82
55        <activity
55-->src\main\AndroidManifest.xml:28:9-98
56            android:name="com.example.fashionstoreapp.Activity.ShowDetailActivity"
56-->src\main\AndroidManifest.xml:28:19-62
57            android:exported="true" />
57-->src\main\AndroidManifest.xml:28:63-86
58        <activity
58-->src\main\AndroidManifest.xml:29:9-92
59            android:name="com.example.fashionstoreapp.Activity.UserActivity"
59-->src\main\AndroidManifest.xml:29:19-56
60            android:exported="true" />
60-->src\main\AndroidManifest.xml:29:57-80
61        <activity
61-->src\main\AndroidManifest.xml:30:9-96
62            android:name="com.example.fashionstoreapp.Activity.ProductsActivity"
62-->src\main\AndroidManifest.xml:30:19-60
63            android:exported="true" />
63-->src\main\AndroidManifest.xml:30:61-84
64        <activity
64-->src\main\AndroidManifest.xml:31:9-92
65            android:name="com.example.fashionstoreapp.Activity.CartActivity"
65-->src\main\AndroidManifest.xml:31:19-56
66            android:exported="true" />
66-->src\main\AndroidManifest.xml:31:57-80
67        <activity
67-->src\main\AndroidManifest.xml:32:9-102
68            android:name="com.example.fashionstoreapp.Activity.ForgotPasswordActivity"
68-->src\main\AndroidManifest.xml:32:19-66
69            android:exported="true" />
69-->src\main\AndroidManifest.xml:32:67-90
70        <activity
70-->src\main\AndroidManifest.xml:33:9-99
71            android:name="com.example.fashionstoreapp.Activity.EditProfileActivity"
71-->src\main\AndroidManifest.xml:33:19-63
72            android:exported="true" />
72-->src\main\AndroidManifest.xml:33:64-87
73        <activity
73-->src\main\AndroidManifest.xml:34:9-93
74            android:name="com.example.fashionstoreapp.Activity.OrderActivity"
74-->src\main\AndroidManifest.xml:34:19-57
75            android:exported="true" />
75-->src\main\AndroidManifest.xml:34:58-81
76        <activity
76-->src\main\AndroidManifest.xml:35:9-93
77            android:name="com.example.fashionstoreapp.Activity.AdminActivity"
77-->src\main\AndroidManifest.xml:35:19-57
78            android:exported="true" />
78-->src\main\AndroidManifest.xml:35:58-81
79        <activity
79-->src\main\AndroidManifest.xml:37:9-49:20
80            android:name="com.example.fashionstoreapp.Activity.CheckOutActivity"
80-->src\main\AndroidManifest.xml:38:13-54
81            android:exported="true"
81-->src\main\AndroidManifest.xml:40:13-36
82            android:launchMode="singleTask" >
82-->src\main\AndroidManifest.xml:39:13-44
83            <intent-filter>
83-->src\main\AndroidManifest.xml:41:13-47:29
84                <action android:name="android.intent.action.VIEW" />
84-->src\main\AndroidManifest.xml:42:17-69
84-->src\main\AndroidManifest.xml:42:25-66
85
86                <category android:name="android.intent.category.DEFAULT" />
86-->src\main\AndroidManifest.xml:43:17-76
86-->src\main\AndroidManifest.xml:43:27-73
87                <category android:name="android.intent.category.BROWSABLE" />
87-->src\main\AndroidManifest.xml:44:17-78
87-->src\main\AndroidManifest.xml:44:27-75
88
89                <data
89-->src\main\AndroidManifest.xml:45:17-46:42
90                    android:host="app"
90-->src\main\AndroidManifest.xml:46:21-39
91                    android:scheme="demozpdk" />
91-->src\main\AndroidManifest.xml:45:23-48
92            </intent-filter>
93        </activity>
94        <activity android:name="com.example.fashionstoreapp.Activity.AddressActivity" />
94-->src\main\AndroidManifest.xml:50:9-71
94-->src\main\AndroidManifest.xml:50:19-59
95        <activity
95-->src\main\AndroidManifest.xml:52:9-59:20
96            android:name="com.example.fashionstoreapp.Activity.IntroActivity"
96-->src\main\AndroidManifest.xml:53:13-51
97            android:exported="true" >
97-->src\main\AndroidManifest.xml:54:13-36
98            <intent-filter>
98-->src\main\AndroidManifest.xml:55:13-58:29
99                <action android:name="android.intent.action.MAIN" />
99-->src\main\AndroidManifest.xml:56:17-69
99-->src\main\AndroidManifest.xml:56:25-66
100
101                <category android:name="android.intent.category.LAUNCHER" />
101-->src\main\AndroidManifest.xml:57:17-77
101-->src\main\AndroidManifest.xml:57:27-74
102            </intent-filter>
103        </activity>
104
105        <meta-data
105-->src\main\AndroidManifest.xml:61:9-63:57
106            android:name="preloaded_fonts"
106-->src\main\AndroidManifest.xml:62:13-43
107            android:resource="@array/preloaded_fonts" />
107-->src\main\AndroidManifest.xml:63:13-54
108
109        <activity
109-->[com.google.android.gms:play-services-auth:20.5.0] AndroidManifest.xml:23:9-27:75
110            android:name="com.google.android.gms.auth.api.signin.internal.SignInHubActivity"
110-->[com.google.android.gms:play-services-auth:20.5.0] AndroidManifest.xml:24:13-93
111            android:excludeFromRecents="true"
111-->[com.google.android.gms:play-services-auth:20.5.0] AndroidManifest.xml:25:13-46
112            android:exported="false"
112-->[com.google.android.gms:play-services-auth:20.5.0] AndroidManifest.xml:26:13-37
113            android:theme="@android:style/Theme.Translucent.NoTitleBar" />
113-->[com.google.android.gms:play-services-auth:20.5.0] AndroidManifest.xml:27:13-72
114        <!--
115            Service handling Google Sign-In user revocation. For apps that do not integrate with
116            Google Sign-In, this service will never be started.
117        -->
118        <service
118-->[com.google.android.gms:play-services-auth:20.5.0] AndroidManifest.xml:33:9-37:51
119            android:name="com.google.android.gms.auth.api.signin.RevocationBoundService"
119-->[com.google.android.gms:play-services-auth:20.5.0] AndroidManifest.xml:34:13-89
120            android:exported="true"
120-->[com.google.android.gms:play-services-auth:20.5.0] AndroidManifest.xml:35:13-36
121            android:permission="com.google.android.gms.auth.api.signin.permission.REVOCATION_NOTIFICATION"
121-->[com.google.android.gms:play-services-auth:20.5.0] AndroidManifest.xml:36:13-107
122            android:visibleToInstantApps="true" />
122-->[com.google.android.gms:play-services-auth:20.5.0] AndroidManifest.xml:37:13-48
123
124        <activity
124-->[com.google.android.gms:play-services-base:18.0.1] AndroidManifest.xml:20:9-22:45
125            android:name="com.google.android.gms.common.api.GoogleApiActivity"
125-->[com.google.android.gms:play-services-base:18.0.1] AndroidManifest.xml:20:19-85
126            android:exported="false"
126-->[com.google.android.gms:play-services-base:18.0.1] AndroidManifest.xml:22:19-43
127            android:theme="@android:style/Theme.Translucent.NoTitleBar" />
127-->[com.google.android.gms:play-services-base:18.0.1] AndroidManifest.xml:21:19-78
128
129        <meta-data
129-->[com.google.android.gms:play-services-basement:18.2.0] AndroidManifest.xml:21:9-23:69
130            android:name="com.google.android.gms.version"
130-->[com.google.android.gms:play-services-basement:18.2.0] AndroidManifest.xml:22:13-58
131            android:value="@integer/google_play_services_version" />
131-->[com.google.android.gms:play-services-basement:18.2.0] AndroidManifest.xml:23:13-66
132
133        <provider
133-->[androidx.emoji2:emoji2:1.2.0] AndroidManifest.xml:24:9-32:20
134            android:name="androidx.startup.InitializationProvider"
134-->[androidx.emoji2:emoji2:1.2.0] AndroidManifest.xml:25:13-67
135            android:authorities="com.example.fashionstoreapp.androidx-startup"
135-->[androidx.emoji2:emoji2:1.2.0] AndroidManifest.xml:26:13-68
136            android:exported="false" >
136-->[androidx.emoji2:emoji2:1.2.0] AndroidManifest.xml:27:13-37
137            <meta-data
137-->[androidx.emoji2:emoji2:1.2.0] AndroidManifest.xml:29:13-31:52
138                android:name="androidx.emoji2.text.EmojiCompatInitializer"
138-->[androidx.emoji2:emoji2:1.2.0] AndroidManifest.xml:30:17-75
139                android:value="androidx.startup" />
139-->[androidx.emoji2:emoji2:1.2.0] AndroidManifest.xml:31:17-49
140            <meta-data
140-->[androidx.lifecycle:lifecycle-process:2.4.1] AndroidManifest.xml:31:13-33:52
141                android:name="androidx.lifecycle.ProcessLifecycleInitializer"
141-->[androidx.lifecycle:lifecycle-process:2.4.1] AndroidManifest.xml:32:17-78
142                android:value="androidx.startup" />
142-->[androidx.lifecycle:lifecycle-process:2.4.1] AndroidManifest.xml:33:17-49
143        </provider>
144    </application>
145
146</manifest>